2019-05-06 22:57:17 -Application run failed
java.lang.RuntimeException: java.io.IOException: invalid constant type: 18
	at javassist.CtClassType.getClassFile2(CtClassType.java:204)
	at javassist.compiler.MemberResolver.lookupMethod(MemberResolver.java:111)
	at javassist.compiler.MemberResolver.lookupMethod(MemberResolver.java:97)
	at javassist.compiler.TypeChecker.atMethodCallCore(TypeChecker.java:711)
	at javassist.compiler.TypeChecker.atCallExpr(TypeChecker.java:688)
	at javassist.compiler.JvstTypeChecker.atCallExpr(JvstTypeChecker.java:157)
	at javassist.compiler.ast.CallExpr.accept(CallExpr.java:46)
	at javassist.compiler.JvstTypeChecker.atCastToWrapper(JvstTypeChecker.java:126)
	at javassist.compiler.JvstTypeChecker.atCastExpr(JvstTypeChecker.java:98)
	at javassist.compiler.ast.CastExpr.accept(CastExpr.java:55)
	at javassist.compiler.CodeGen.doTypeCheck(CodeGen.java:242)
	at javassist.compiler.CodeGen.compileExpr(CodeGen.java:229)
	at javassist.compiler.CodeGen.atReturnStmnt2(CodeGen.java:598)
	at javassist.compiler.JvstCodeGen.atReturnStmnt(JvstCodeGen.java:425)
	at javassist.compiler.CodeGen.atStmnt(CodeGen.java:363)
	at javassist.compiler.ast.Stmnt.accept(Stmnt.java:50)
	at javassist.compiler.CodeGen.atStmnt(CodeGen.java:351)
	at javassist.compiler.ast.Stmnt.accept(Stmnt.java:50)
	at javassist.compiler.CodeGen.atIfStmnt(CodeGen.java:391)
	at javassist.compiler.CodeGen.atStmnt(CodeGen.java:355)
	at javassist.compiler.ast.Stmnt.accept(Stmnt.java:50)
	at javassist.compiler.CodeGen.atStmnt(CodeGen.java:351)
	at javassist.compiler.ast.Stmnt.accept(Stmnt.java:50)
	at javassist.compiler.MemberCodeGen.atTryStmnt(MemberCodeGen.java:204)
	at javassist.compiler.CodeGen.atStmnt(CodeGen.java:367)
	at javassist.compiler.ast.Stmnt.accept(Stmnt.java:50)
	at javassist.compiler.CodeGen.atStmnt(CodeGen.java:351)
	at javassist.compiler.ast.Stmnt.accept(Stmnt.java:50)
	at javassist.compiler.CodeGen.atMethodBody(CodeGen.java:292)
	at javassist.compiler.CodeGen.atMethodDecl(CodeGen.java:274)
	at javassist.compiler.ast.MethodDecl.accept(MethodDecl.java:44)
	at javassist.compiler.Javac.compileMethod(Javac.java:169)
	at javassist.compiler.Javac.compile(Javac.java:95)
	at javassist.CtNewMethod.make(CtNewMethod.java:74)
	at javassist.CtNewMethod.make(CtNewMethod.java:45)
	at com.alibaba.dubbo.common.bytecode.ClassGenerator.toClass(ClassGenerator.java:318)
	at com.alibaba.dubbo.common.bytecode.Wrapper.makeWrapper(Wrapper.java:346)
	at com.alibaba.dubbo.common.bytecode.Wrapper.getWrapper(Wrapper.java:89)
	at com.alibaba.dubbo.rpc.proxy.javassist.JavassistProxyFactory.getInvoker(JavassistProxyFactory.java:40)
	at com.alibaba.dubbo.rpc.proxy.wrapper.StubProxyFactoryWrapper.getInvoker(StubProxyFactoryWrapper.java:104)
	at com.alibaba.dubbo.rpc.ProxyFactory$Adpative.getInvoker(ProxyFactory$Adpative.java)
	at com.alibaba.dubbo.config.ServiceConfig.exportLocal(ServiceConfig.java:507)
	at com.alibaba.dubbo.config.ServiceConfig.doExportUrlsFor1Protocol(ServiceConfig.java:465)
	at com.alibaba.dubbo.config.ServiceConfig.doExportUrls(ServiceConfig.java:281)
	at com.alibaba.dubbo.config.ServiceConfig.doExport(ServiceConfig.java:242)
	at com.alibaba.dubbo.config.ServiceConfig.export(ServiceConfig.java:143)
	at com.alibaba.dubbo.config.spring.ServiceBean.onApplicationEvent(ServiceBean.java:109)
	at org.springframework.context.event.SimpleApplicationEventMulticaster.doInvokeListener(SimpleApplicationEventMulticaster.java:172)
	at org.springframework.context.event.SimpleApplicationEventMulticaster.invokeListener(SimpleApplicationEventMulticaster.java:165)
	at org.springframework.context.event.SimpleApplicationEventMulticaster.multicastEvent(SimpleApplicationEventMulticaster.java:139)
	at org.springframework.context.support.AbstractApplicationContext.publishEvent(AbstractApplicationContext.java:402)
	at org.springframework.context.support.AbstractApplicationContext.publishEvent(AbstractApplicationContext.java:359)
	at org.springframework.context.support.AbstractApplicationContext.finishRefresh(AbstractApplicationContext.java:896)
	at org.springframework.boot.web.servlet.context.ServletWebServerApplicationContext.finishRefresh(ServletWebServerApplicationContext.java:163)
	at org.springframework.context.support.AbstractApplicationContext.refresh(AbstractApplicationContext.java:552)
	at org.springframework.boot.web.servlet.context.ServletWebServerApplicationContext.refresh(ServletWebServerApplicationContext.java:142)
	at org.springframework.boot.SpringApplication.refresh(SpringApplication.java:775)
	at org.springframework.boot.SpringApplication.refreshContext(SpringApplication.java:397)
	at org.springframework.boot.SpringApplication.run(SpringApplication.java:316)
	at org.springframework.boot.SpringApplication.run(SpringApplication.java:1260)
	at org.springframework.boot.SpringApplication.run(SpringApplication.java:1248)
	at com.xtt.shoprpcprovider.ShopRpcProviderApplication.main(ShopRpcProviderApplication.java:27)
Caused by: java.io.IOException: invalid constant type: 18
	at javassist.bytecode.ConstPool.readOne(ConstPool.java:1113)
	at javassist.bytecode.ConstPool.read(ConstPool.java:1056)
	at javassist.bytecode.ConstPool.<init>(ConstPool.java:150)
	at javassist.bytecode.ClassFile.read(ClassFile.java:765)
	at javassist.bytecode.ClassFile.<init>(ClassFile.java:109)
	at javassist.CtClassType.getClassFile2(CtClassType.java:191)
	... 61 common frames omitted
2019-05-06 23:01:58 -Application run failed
java.lang.RuntimeException: java.io.IOException: invalid constant type: 18
	at javassist.CtClassType.getClassFile2(CtClassType.java:204)
	at javassist.compiler.MemberResolver.lookupMethod(MemberResolver.java:111)
	at javassist.compiler.MemberResolver.lookupMethod(MemberResolver.java:97)
	at javassist.compiler.TypeChecker.atMethodCallCore(TypeChecker.java:711)
	at javassist.compiler.TypeChecker.atCallExpr(TypeChecker.java:688)
	at javassist.compiler.JvstTypeChecker.atCallExpr(JvstTypeChecker.java:157)
	at javassist.compiler.ast.CallExpr.accept(CallExpr.java:46)
	at javassist.compiler.JvstTypeChecker.atCastToWrapper(JvstTypeChecker.java:126)
	at javassist.compiler.JvstTypeChecker.atCastExpr(JvstTypeChecker.java:98)
	at javassist.compiler.ast.CastExpr.accept(CastExpr.java:55)
	at javassist.compiler.CodeGen.doTypeCheck(CodeGen.java:242)
	at javassist.compiler.CodeGen.compileExpr(CodeGen.java:229)
	at javassist.compiler.CodeGen.atReturnStmnt2(CodeGen.java:598)
	at javassist.compiler.JvstCodeGen.atReturnStmnt(JvstCodeGen.java:425)
	at javassist.compiler.CodeGen.atStmnt(CodeGen.java:363)
	at javassist.compiler.ast.Stmnt.accept(Stmnt.java:50)
	at javassist.compiler.CodeGen.atStmnt(CodeGen.java:351)
	at javassist.compiler.ast.Stmnt.accept(Stmnt.java:50)
	at javassist.compiler.CodeGen.atIfStmnt(CodeGen.java:391)
	at javassist.compiler.CodeGen.atStmnt(CodeGen.java:355)
	at javassist.compiler.ast.Stmnt.accept(Stmnt.java:50)
	at javassist.compiler.CodeGen.atStmnt(CodeGen.java:351)
	at javassist.compiler.ast.Stmnt.accept(Stmnt.java:50)
	at javassist.compiler.MemberCodeGen.atTryStmnt(MemberCodeGen.java:204)
	at javassist.compiler.CodeGen.atStmnt(CodeGen.java:367)
	at javassist.compiler.ast.Stmnt.accept(Stmnt.java:50)
	at javassist.compiler.CodeGen.atStmnt(CodeGen.java:351)
	at javassist.compiler.ast.Stmnt.accept(Stmnt.java:50)
	at javassist.compiler.CodeGen.atMethodBody(CodeGen.java:292)
	at javassist.compiler.CodeGen.atMethodDecl(CodeGen.java:274)
	at javassist.compiler.ast.MethodDecl.accept(MethodDecl.java:44)
	at javassist.compiler.Javac.compileMethod(Javac.java:169)
	at javassist.compiler.Javac.compile(Javac.java:95)
	at javassist.CtNewMethod.make(CtNewMethod.java:74)
	at javassist.CtNewMethod.make(CtNewMethod.java:45)
	at com.alibaba.dubbo.common.bytecode.ClassGenerator.toClass(ClassGenerator.java:318)
	at com.alibaba.dubbo.common.bytecode.Wrapper.makeWrapper(Wrapper.java:346)
	at com.alibaba.dubbo.common.bytecode.Wrapper.getWrapper(Wrapper.java:89)
	at com.alibaba.dubbo.rpc.proxy.javassist.JavassistProxyFactory.getInvoker(JavassistProxyFactory.java:40)
	at com.alibaba.dubbo.rpc.proxy.wrapper.StubProxyFactoryWrapper.getInvoker(StubProxyFactoryWrapper.java:104)
	at com.alibaba.dubbo.rpc.ProxyFactory$Adpative.getInvoker(ProxyFactory$Adpative.java)
	at com.alibaba.dubbo.config.ServiceConfig.exportLocal(ServiceConfig.java:507)
	at com.alibaba.dubbo.config.ServiceConfig.doExportUrlsFor1Protocol(ServiceConfig.java:465)
	at com.alibaba.dubbo.config.ServiceConfig.doExportUrls(ServiceConfig.java:281)
	at com.alibaba.dubbo.config.ServiceConfig.doExport(ServiceConfig.java:242)
	at com.alibaba.dubbo.config.ServiceConfig.export(ServiceConfig.java:143)
	at com.alibaba.dubbo.config.spring.ServiceBean.onApplicationEvent(ServiceBean.java:109)
	at org.springframework.context.event.SimpleApplicationEventMulticaster.doInvokeListener(SimpleApplicationEventMulticaster.java:172)
	at org.springframework.context.event.SimpleApplicationEventMulticaster.invokeListener(SimpleApplicationEventMulticaster.java:165)
	at org.springframework.context.event.SimpleApplicationEventMulticaster.multicastEvent(SimpleApplicationEventMulticaster.java:139)
	at org.springframework.context.support.AbstractApplicationContext.publishEvent(AbstractApplicationContext.java:402)
	at org.springframework.context.support.AbstractApplicationContext.publishEvent(AbstractApplicationContext.java:359)
	at org.springframework.context.support.AbstractApplicationContext.finishRefresh(AbstractApplicationContext.java:896)
	at org.springframework.boot.web.servlet.context.ServletWebServerApplicationContext.finishRefresh(ServletWebServerApplicationContext.java:163)
	at org.springframework.context.support.AbstractApplicationContext.refresh(AbstractApplicationContext.java:552)
	at org.springframework.boot.web.servlet.context.ServletWebServerApplicationContext.refresh(ServletWebServerApplicationContext.java:142)
	at org.springframework.boot.SpringApplication.refresh(SpringApplication.java:775)
	at org.springframework.boot.SpringApplication.refreshContext(SpringApplication.java:397)
	at org.springframework.boot.SpringApplication.run(SpringApplication.java:316)
	at org.springframework.boot.SpringApplication.run(SpringApplication.java:1260)
	at org.springframework.boot.SpringApplication.run(SpringApplication.java:1248)
	at com.xtt.shoprpcprovider.ShopRpcProviderApplication.main(ShopRpcProviderApplication.java:27)
Caused by: java.io.IOException: invalid constant type: 18
	at javassist.bytecode.ConstPool.readOne(ConstPool.java:1113)
	at javassist.bytecode.ConstPool.read(ConstPool.java:1056)
	at javassist.bytecode.ConstPool.<init>(ConstPool.java:150)
	at javassist.bytecode.ClassFile.read(ClassFile.java:765)
	at javassist.bytecode.ClassFile.<init>(ClassFile.java:109)
	at javassist.CtClassType.getClassFile2(CtClassType.java:191)
	... 61 common frames omitted
2019-05-06 23:06:31 -Application run failed
java.lang.RuntimeException: java.io.IOException: invalid constant type: 18
	at javassist.CtClassType.getClassFile2(CtClassType.java:204)
	at javassist.compiler.MemberResolver.lookupMethod(MemberResolver.java:111)
	at javassist.compiler.MemberResolver.lookupMethod(MemberResolver.java:97)
	at javassist.compiler.TypeChecker.atMethodCallCore(TypeChecker.java:711)
	at javassist.compiler.TypeChecker.atCallExpr(TypeChecker.java:688)
	at javassist.compiler.JvstTypeChecker.atCallExpr(JvstTypeChecker.java:157)
	at javassist.compiler.ast.CallExpr.accept(CallExpr.java:46)
	at javassist.compiler.JvstTypeChecker.atCastToWrapper(JvstTypeChecker.java:126)
	at javassist.compiler.JvstTypeChecker.atCastExpr(JvstTypeChecker.java:98)
	at javassist.compiler.ast.CastExpr.accept(CastExpr.java:55)
	at javassist.compiler.CodeGen.doTypeCheck(CodeGen.java:242)
	at javassist.compiler.CodeGen.compileExpr(CodeGen.java:229)
	at javassist.compiler.CodeGen.atReturnStmnt2(CodeGen.java:598)
	at javassist.compiler.JvstCodeGen.atReturnStmnt(JvstCodeGen.java:425)
	at javassist.compiler.CodeGen.atStmnt(CodeGen.java:363)
	at javassist.compiler.ast.Stmnt.accept(Stmnt.java:50)
	at javassist.compiler.CodeGen.atStmnt(CodeGen.java:351)
	at javassist.compiler.ast.Stmnt.accept(Stmnt.java:50)
	at javassist.compiler.CodeGen.atIfStmnt(CodeGen.java:391)
	at javassist.compiler.CodeGen.atStmnt(CodeGen.java:355)
	at javassist.compiler.ast.Stmnt.accept(Stmnt.java:50)
	at javassist.compiler.CodeGen.atStmnt(CodeGen.java:351)
	at javassist.compiler.ast.Stmnt.accept(Stmnt.java:50)
	at javassist.compiler.MemberCodeGen.atTryStmnt(MemberCodeGen.java:204)
	at javassist.compiler.CodeGen.atStmnt(CodeGen.java:367)
	at javassist.compiler.ast.Stmnt.accept(Stmnt.java:50)
	at javassist.compiler.CodeGen.atStmnt(CodeGen.java:351)
	at javassist.compiler.ast.Stmnt.accept(Stmnt.java:50)
	at javassist.compiler.CodeGen.atMethodBody(CodeGen.java:292)
	at javassist.compiler.CodeGen.atMethodDecl(CodeGen.java:274)
	at javassist.compiler.ast.MethodDecl.accept(MethodDecl.java:44)
	at javassist.compiler.Javac.compileMethod(Javac.java:169)
	at javassist.compiler.Javac.compile(Javac.java:95)
	at javassist.CtNewMethod.make(CtNewMethod.java:74)
	at javassist.CtNewMethod.make(CtNewMethod.java:45)
	at com.alibaba.dubbo.common.bytecode.ClassGenerator.toClass(ClassGenerator.java:318)
	at com.alibaba.dubbo.common.bytecode.Wrapper.makeWrapper(Wrapper.java:346)
	at com.alibaba.dubbo.common.bytecode.Wrapper.getWrapper(Wrapper.java:89)
	at com.alibaba.dubbo.rpc.proxy.javassist.JavassistProxyFactory.getInvoker(JavassistProxyFactory.java:40)
	at com.alibaba.dubbo.rpc.proxy.wrapper.StubProxyFactoryWrapper.getInvoker(StubProxyFactoryWrapper.java:104)
	at com.alibaba.dubbo.rpc.ProxyFactory$Adpative.getInvoker(ProxyFactory$Adpative.java)
	at com.alibaba.dubbo.config.ServiceConfig.exportLocal(ServiceConfig.java:507)
	at com.alibaba.dubbo.config.ServiceConfig.doExportUrlsFor1Protocol(ServiceConfig.java:465)
	at com.alibaba.dubbo.config.ServiceConfig.doExportUrls(ServiceConfig.java:281)
	at com.alibaba.dubbo.config.ServiceConfig.doExport(ServiceConfig.java:242)
	at com.alibaba.dubbo.config.ServiceConfig.export(ServiceConfig.java:143)
	at com.alibaba.dubbo.config.spring.ServiceBean.onApplicationEvent(ServiceBean.java:109)
	at org.springframework.context.event.SimpleApplicationEventMulticaster.doInvokeListener(SimpleApplicationEventMulticaster.java:172)
	at org.springframework.context.event.SimpleApplicationEventMulticaster.invokeListener(SimpleApplicationEventMulticaster.java:165)
	at org.springframework.context.event.SimpleApplicationEventMulticaster.multicastEvent(SimpleApplicationEventMulticaster.java:139)
	at org.springframework.context.support.AbstractApplicationContext.publishEvent(AbstractApplicationContext.java:402)
	at org.springframework.context.support.AbstractApplicationContext.publishEvent(AbstractApplicationContext.java:359)
	at org.springframework.context.support.AbstractApplicationContext.finishRefresh(AbstractApplicationContext.java:896)
	at org.springframework.boot.web.servlet.context.ServletWebServerApplicationContext.finishRefresh(ServletWebServerApplicationContext.java:163)
	at org.springframework.context.support.AbstractApplicationContext.refresh(AbstractApplicationContext.java:552)
	at org.springframework.boot.web.servlet.context.ServletWebServerApplicationContext.refresh(ServletWebServerApplicationContext.java:142)
	at org.springframework.boot.SpringApplication.refresh(SpringApplication.java:775)
	at org.springframework.boot.SpringApplication.refreshContext(SpringApplication.java:397)
	at org.springframework.boot.SpringApplication.run(SpringApplication.java:316)
	at org.springframework.boot.SpringApplication.run(SpringApplication.java:1260)
	at org.springframework.boot.SpringApplication.run(SpringApplication.java:1248)
	at com.xtt.shoprpcprovider.ShopRpcProviderApplication.main(ShopRpcProviderApplication.java:27)
Caused by: java.io.IOException: invalid constant type: 18
	at javassist.bytecode.ConstPool.readOne(ConstPool.java:1113)
	at javassist.bytecode.ConstPool.read(ConstPool.java:1056)
	at javassist.bytecode.ConstPool.<init>(ConstPool.java:150)
	at javassist.bytecode.ClassFile.read(ClassFile.java:765)
	at javassist.bytecode.ClassFile.<init>(ClassFile.java:109)
	at javassist.CtClassType.getClassFile2(CtClassType.java:191)
	... 61 common frames omitted
2019-05-06 23:16:15 -Exception encountered during context initialization - cancelling refresh attempt: org.springframework.beans.factory.BeanCreationException: Error creating bean with name 'com.xtt.shoprpchander.user.service.UserService': Instantiation of bean failed; nested exception is java.lang.ExceptionInInitializerError
2019-05-06 23:16:15 -Application run failed
org.springframework.beans.factory.BeanCreationException: Error creating bean with name 'com.xtt.shoprpchander.user.service.UserService': Instantiation of bean failed; nested exception is java.lang.ExceptionInInitializerError
	at org.springframework.beans.factory.support.AbstractAutowireCapableBeanFactory.instantiateBean(AbstractAutowireCapableBeanFactory.java:1303)
	at org.springframework.beans.factory.support.AbstractAutowireCapableBeanFactory.createBeanInstance(AbstractAutowireCapableBeanFactory.java:1197)
	at org.springframework.beans.factory.support.AbstractAutowireCapableBeanFactory.doCreateBean(AbstractAutowireCapableBeanFactory.java:555)
	at org.springframework.beans.factory.support.AbstractAutowireCapableBeanFactory.createBean(AbstractAutowireCapableBeanFactory.java:515)
	at org.springframework.beans.factory.support.AbstractBeanFactory.lambda$doGetBean$0(AbstractBeanFactory.java:320)
	at org.springframework.beans.factory.support.DefaultSingletonBeanRegistry.getSingleton(DefaultSingletonBeanRegistry.java:222)
	at org.springframework.beans.factory.support.AbstractBeanFactory.doGetBean(AbstractBeanFactory.java:318)
	at org.springframework.beans.factory.support.AbstractBeanFactory.getBean(AbstractBeanFactory.java:199)
	at org.springframework.beans.factory.support.DefaultListableBeanFactory.preInstantiateSingletons(DefaultListableBeanFactory.java:849)
	at org.springframework.context.support.AbstractApplicationContext.finishBeanFactoryInitialization(AbstractApplicationContext.java:877)
	at org.springframework.context.support.AbstractApplicationContext.refresh(AbstractApplicationContext.java:549)
	at org.springframework.boot.web.servlet.context.ServletWebServerApplicationContext.refresh(ServletWebServerApplicationContext.java:142)
	at org.springframework.boot.SpringApplication.refresh(SpringApplication.java:775)
	at org.springframework.boot.SpringApplication.refreshContext(SpringApplication.java:397)
	at org.springframework.boot.SpringApplication.run(SpringApplication.java:316)
	at org.springframework.boot.SpringApplication.run(SpringApplication.java:1260)
	at org.springframework.boot.SpringApplication.run(SpringApplication.java:1248)
	at com.xtt.shoprpcprovider.ShopRpcProviderApplication.main(ShopRpcProviderApplication.java:27)
Caused by: java.lang.ExceptionInInitializerError: null
	at sun.reflect.NativeConstructorAccessorImpl.newInstance0(Native Method)
	at sun.reflect.NativeConstructorAccessorImpl.newInstance(NativeConstructorAccessorImpl.java:62)
	at sun.reflect.DelegatingConstructorAccessorImpl.newInstance(DelegatingConstructorAccessorImpl.java:45)
	at java.lang.reflect.Constructor.newInstance(Constructor.java:423)
	at org.springframework.beans.BeanUtils.instantiateClass(BeanUtils.java:172)
	at org.springframework.beans.factory.support.SimpleInstantiationStrategy.instantiate(SimpleInstantiationStrategy.java:87)
	at org.springframework.beans.factory.support.AbstractAutowireCapableBeanFactory.instantiateBean(AbstractAutowireCapableBeanFactory.java:1295)
	... 17 common frames omitted
Caused by: java.lang.IllegalStateException: fail to create adaptive instance: java.lang.IllegalStateException: Can not create adaptive extenstion interface com.alibaba.dubbo.rpc.Protocol, cause: Failed to compile class, cause: javassist/ClassPool, class: com.alibaba.dubbo.rpc.Protocol$Adpative, code: 
package com.alibaba.dubbo.rpc;
import com.alibaba.dubbo.common.extension.ExtensionLoader;
public class Protocol$Adpative implements com.alibaba.dubbo.rpc.Protocol {
public void destroy() {throw new UnsupportedOperationException("method public abstract void com.alibaba.dubbo.rpc.Protocol.destroy() of interface com.alibaba.dubbo.rpc.Protocol is not adaptive method!");
}
public int getDefaultPort() {throw new UnsupportedOperationException("method public abstract int com.alibaba.dubbo.rpc.Protocol.getDefaultPort() of interface com.alibaba.dubbo.rpc.Protocol is not adaptive method!");
}
public com.alibaba.dubbo.rpc.Exporter export(com.alibaba.dubbo.rpc.Invoker arg0) throws com.alibaba.dubbo.rpc.Invoker {
if (arg0 == null) throw new IllegalArgumentException("com.alibaba.dubbo.rpc.Invoker argument == null");
if (arg0.getUrl() == null) throw new IllegalArgumentException("com.alibaba.dubbo.rpc.Invoker argument getUrl() == null");com.alibaba.dubbo.common.URL url = arg0.getUrl();
String extName = ( url.getProtocol() == null ? "dubbo" : url.getProtocol() );
if(extName == null) throw new IllegalStateException("Fail to get extension(com.alibaba.dubbo.rpc.Protocol) name from url(" + url.toString() + ") use keys([protocol])");
com.alibaba.dubbo.rpc.Protocol extension = (com.alibaba.dubbo.rpc.Protocol)ExtensionLoader.getExtensionLoader(com.alibaba.dubbo.rpc.Protocol.class).getExtension(extName);
return extension.export(arg0);
}
public com.alibaba.dubbo.rpc.Invoker refer(java.lang.Class arg0, com.alibaba.dubbo.common.URL arg1) throws java.lang.Class {
if (arg1 == null) throw new IllegalArgumentException("url == null");
com.alibaba.dubbo.common.URL url = arg1;
String extName = ( url.getProtocol() == null ? "dubbo" : url.getProtocol() );
if(extName == null) throw new IllegalStateException("Fail to get extension(com.alibaba.dubbo.rpc.Protocol) name from url(" + url.toString() + ") use keys([protocol])");
com.alibaba.dubbo.rpc.Protocol extension = (com.alibaba.dubbo.rpc.Protocol)ExtensionLoader.getExtensionLoader(com.alibaba.dubbo.rpc.Protocol.class).getExtension(extName);
return extension.refer(arg0, arg1);
}
}
, stack: java.lang.NoClassDefFoundError: javassist/ClassPool

java.lang.NoClassDefFoundError: javassist/ClassPool
	at com.alibaba.dubbo.common.compiler.support.JavassistCompiler.doCompile(JavassistCompiler.java:55)
	at com.alibaba.dubbo.common.compiler.support.AbstractCompiler.compile(AbstractCompiler.java:59)
	at com.alibaba.dubbo.common.compiler.support.AdaptiveCompiler.compile(AdaptiveCompiler.java:46)
	at com.alibaba.dubbo.common.extension.ExtensionLoader.createAdaptiveExtensionClass(ExtensionLoader.java:739)
	at com.alibaba.dubbo.common.extension.ExtensionLoader.getAdaptiveExtensionClass(ExtensionLoader.java:732)
	at com.alibaba.dubbo.common.extension.ExtensionLoader.createAdaptiveExtension(ExtensionLoader.java:721)
	at com.alibaba.dubbo.common.extension.ExtensionLoader.getAdaptiveExtension(ExtensionLoader.java:455)
	at com.alibaba.dubbo.config.ServiceConfig.<clinit>(ServiceConfig.java:60)
	at sun.reflect.NativeConstructorAccessorImpl.newInstance0(Native Method)
	at sun.reflect.NativeConstructorAccessorImpl.newInstance(NativeConstructorAccessorImpl.java:62)
	at sun.reflect.DelegatingConstructorAccessorImpl.newInstance(DelegatingConstructorAccessorImpl.java:45)
	at java.lang.reflect.Constructor.newInstance(Constructor.java:423)
	at org.springframework.beans.BeanUtils.instantiateClass(BeanUtils.java:172)
	at org.springframework.beans.factory.support.SimpleInstantiationStrategy.instantiate(SimpleInstantiationStrategy.java:87)
	at org.springframework.beans.factory.support.AbstractAutowireCapableBeanFactory.instantiateBean(AbstractAutowireCapableBeanFactory.java:1295)
	at org.springframework.beans.factory.support.AbstractAutowireCapableBeanFactory.createBeanInstance(AbstractAutowireCapableBeanFactory.java:1197)
	at org.springframework.beans.factory.support.AbstractAutowireCapableBeanFactory.doCreateBean(AbstractAutowireCapableBeanFactory.java:555)
	at org.springframework.beans.factory.support.AbstractAutowireCapableBeanFactory.createBean(AbstractAutowireCapableBeanFactory.java:515)
	at org.springframework.beans.factory.support.AbstractBeanFactory.lambda$doGetBean$0(AbstractBeanFactory.java:320)
	at org.springframework.beans.factory.support.DefaultSingletonBeanRegistry.getSingleton(DefaultSingletonBeanRegistry.java:222)
	at org.springframework.beans.factory.support.AbstractBeanFactory.doGetBean(AbstractBeanFactory.java:318)
	at org.springframework.beans.factory.support.AbstractBeanFactory.getBean(AbstractBeanFactory.java:199)
	at org.springframework.beans.factory.support.DefaultListableBeanFactory.preInstantiateSingletons(DefaultListableBeanFactory.java:849)
	at org.springframework.context.support.AbstractApplicationContext.finishBeanFactoryInitialization(AbstractApplicationContext.java:877)
	at org.springframework.context.support.AbstractApplicationContext.refresh(AbstractApplicationContext.java:549)
	at org.springframework.boot.web.servlet.context.ServletWebServerApplicationContext.refresh(ServletWebServerApplicationContext.java:142)
	at org.springframework.boot.SpringApplication.refresh(SpringApplication.java:775)
	at org.springframework.boot.SpringApplication.refreshContext(SpringApplication.java:397)
	at org.springframework.boot.SpringApplication.run(SpringApplication.java:316)
	at org.springframework.boot.SpringApplication.run(SpringApplication.java:1260)
	at org.springframework.boot.SpringApplication.run(SpringApplication.java:1248)
	at com.xtt.shoprpcprovider.ShopRpcProviderApplication.main(ShopRpcProviderApplication.java:27)
Caused by: java.lang.ClassNotFoundException: javassist.ClassPool
	at java.net.URLClassLoader.findClass(URLClassLoader.java:381)
	at java.lang.ClassLoader.loadClass(ClassLoader.java:424)
	at sun.misc.Launcher$AppClassLoader.loadClass(Launcher.java:335)
	at java.lang.ClassLoader.loadClass(ClassLoader.java:357)
	... 32 more

	at com.alibaba.dubbo.common.extension.ExtensionLoader.getAdaptiveExtension(ExtensionLoader.java:459)
	at com.alibaba.dubbo.config.ServiceConfig.<clinit>(ServiceConfig.java:60)
	... 24 common frames omitted
Caused by: java.lang.IllegalStateException: Can not create adaptive extenstion interface com.alibaba.dubbo.rpc.Protocol, cause: Failed to compile class, cause: javassist/ClassPool, class: com.alibaba.dubbo.rpc.Protocol$Adpative, code: 
package com.alibaba.dubbo.rpc;
import com.alibaba.dubbo.common.extension.ExtensionLoader;
public class Protocol$Adpative implements com.alibaba.dubbo.rpc.Protocol {
public void destroy() {throw new UnsupportedOperationException("method public abstract void com.alibaba.dubbo.rpc.Protocol.destroy() of interface com.alibaba.dubbo.rpc.Protocol is not adaptive method!");
}
public int getDefaultPort() {throw new UnsupportedOperationException("method public abstract int com.alibaba.dubbo.rpc.Protocol.getDefaultPort() of interface com.alibaba.dubbo.rpc.Protocol is not adaptive method!");
}
public com.alibaba.dubbo.rpc.Exporter export(com.alibaba.dubbo.rpc.Invoker arg0) throws com.alibaba.dubbo.rpc.Invoker {
if (arg0 == null) throw new IllegalArgumentException("com.alibaba.dubbo.rpc.Invoker argument == null");
if (arg0.getUrl() == null) throw new IllegalArgumentException("com.alibaba.dubbo.rpc.Invoker argument getUrl() == null");com.alibaba.dubbo.common.URL url = arg0.getUrl();
String extName = ( url.getProtocol() == null ? "dubbo" : url.getProtocol() );
if(extName == null) throw new IllegalStateException("Fail to get extension(com.alibaba.dubbo.rpc.Protocol) name from url(" + url.toString() + ") use keys([protocol])");
com.alibaba.dubbo.rpc.Protocol extension = (com.alibaba.dubbo.rpc.Protocol)ExtensionLoader.getExtensionLoader(com.alibaba.dubbo.rpc.Protocol.class).getExtension(extName);
return extension.export(arg0);
}
public com.alibaba.dubbo.rpc.Invoker refer(java.lang.Class arg0, com.alibaba.dubbo.common.URL arg1) throws java.lang.Class {
if (arg1 == null) throw new IllegalArgumentException("url == null");
com.alibaba.dubbo.common.URL url = arg1;
String extName = ( url.getProtocol() == null ? "dubbo" : url.getProtocol() );
if(extName == null) throw new IllegalStateException("Fail to get extension(com.alibaba.dubbo.rpc.Protocol) name from url(" + url.toString() + ") use keys([protocol])");
com.alibaba.dubbo.rpc.Protocol extension = (com.alibaba.dubbo.rpc.Protocol)ExtensionLoader.getExtensionLoader(com.alibaba.dubbo.rpc.Protocol.class).getExtension(extName);
return extension.refer(arg0, arg1);
}
}
, stack: java.lang.NoClassDefFoundError: javassist/ClassPool

java.lang.NoClassDefFoundError: javassist/ClassPool
	at com.alibaba.dubbo.common.compiler.support.JavassistCompiler.doCompile(JavassistCompiler.java:55)
	at com.alibaba.dubbo.common.compiler.support.AbstractCompiler.compile(AbstractCompiler.java:59)
	at com.alibaba.dubbo.common.compiler.support.AdaptiveCompiler.compile(AdaptiveCompiler.java:46)
	at com.alibaba.dubbo.common.extension.ExtensionLoader.createAdaptiveExtensionClass(ExtensionLoader.java:739)
	at com.alibaba.dubbo.common.extension.ExtensionLoader.getAdaptiveExtensionClass(ExtensionLoader.java:732)
	at com.alibaba.dubbo.common.extension.ExtensionLoader.createAdaptiveExtension(ExtensionLoader.java:721)
	at com.alibaba.dubbo.common.extension.ExtensionLoader.getAdaptiveExtension(ExtensionLoader.java:455)
	at com.alibaba.dubbo.config.ServiceConfig.<clinit>(ServiceConfig.java:60)
	at sun.reflect.NativeConstructorAccessorImpl.newInstance0(Native Method)
	at sun.reflect.NativeConstructorAccessorImpl.newInstance(NativeConstructorAccessorImpl.java:62)
	at sun.reflect.DelegatingConstructorAccessorImpl.newInstance(DelegatingConstructorAccessorImpl.java:45)
	at java.lang.reflect.Constructor.newInstance(Constructor.java:423)
	at org.springframework.beans.BeanUtils.instantiateClass(BeanUtils.java:172)
	at org.springframework.beans.factory.support.SimpleInstantiationStrategy.instantiate(SimpleInstantiationStrategy.java:87)
	at org.springframework.beans.factory.support.AbstractAutowireCapableBeanFactory.instantiateBean(AbstractAutowireCapableBeanFactory.java:1295)
	at org.springframework.beans.factory.support.AbstractAutowireCapableBeanFactory.createBeanInstance(AbstractAutowireCapableBeanFactory.java:1197)
	at org.springframework.beans.factory.support.AbstractAutowireCapableBeanFactory.doCreateBean(AbstractAutowireCapableBeanFactory.java:555)
	at org.springframework.beans.factory.support.AbstractAutowireCapableBeanFactory.createBean(AbstractAutowireCapableBeanFactory.java:515)
	at org.springframework.beans.factory.support.AbstractBeanFactory.lambda$doGetBean$0(AbstractBeanFactory.java:320)
	at org.springframework.beans.factory.support.DefaultSingletonBeanRegistry.getSingleton(DefaultSingletonBeanRegistry.java:222)
	at org.springframework.beans.factory.support.AbstractBeanFactory.doGetBean(AbstractBeanFactory.java:318)
	at org.springframework.beans.factory.support.AbstractBeanFactory.getBean(AbstractBeanFactory.java:199)
	at org.springframework.beans.factory.support.DefaultListableBeanFactory.preInstantiateSingletons(DefaultListableBeanFactory.java:849)
	at org.springframework.context.support.AbstractApplicationContext.finishBeanFactoryInitialization(AbstractApplicationContext.java:877)
	at org.springframework.context.support.AbstractApplicationContext.refresh(AbstractApplicationContext.java:549)
	at org.springframework.boot.web.servlet.context.ServletWebServerApplicationContext.refresh(ServletWebServerApplicationContext.java:142)
	at org.springframework.boot.SpringApplication.refresh(SpringApplication.java:775)
	at org.springframework.boot.SpringApplication.refreshContext(SpringApplication.java:397)
	at org.springframework.boot.SpringApplication.run(SpringApplication.java:316)
	at org.springframework.boot.SpringApplication.run(SpringApplication.java:1260)
	at org.springframework.boot.SpringApplication.run(SpringApplication.java:1248)
	at com.xtt.shoprpcprovider.ShopRpcProviderApplication.main(ShopRpcProviderApplication.java:27)
Caused by: java.lang.ClassNotFoundException: javassist.ClassPool
	at java.net.URLClassLoader.findClass(URLClassLoader.java:381)
	at java.lang.ClassLoader.loadClass(ClassLoader.java:424)
	at sun.misc.Launcher$AppClassLoader.loadClass(Launcher.java:335)
	at java.lang.ClassLoader.loadClass(ClassLoader.java:357)
	... 32 more

	at com.alibaba.dubbo.common.extension.ExtensionLoader.createAdaptiveExtension(ExtensionLoader.java:723)
	at com.alibaba.dubbo.common.extension.ExtensionLoader.getAdaptiveExtension(ExtensionLoader.java:455)
	... 25 common frames omitted
Caused by: java.lang.IllegalStateException: Failed to compile class, cause: javassist/ClassPool, class: com.alibaba.dubbo.rpc.Protocol$Adpative, code: 
package com.alibaba.dubbo.rpc;
import com.alibaba.dubbo.common.extension.ExtensionLoader;
public class Protocol$Adpative implements com.alibaba.dubbo.rpc.Protocol {
public void destroy() {throw new UnsupportedOperationException("method public abstract void com.alibaba.dubbo.rpc.Protocol.destroy() of interface com.alibaba.dubbo.rpc.Protocol is not adaptive method!");
}
public int getDefaultPort() {throw new UnsupportedOperationException("method public abstract int com.alibaba.dubbo.rpc.Protocol.getDefaultPort() of interface com.alibaba.dubbo.rpc.Protocol is not adaptive method!");
}
public com.alibaba.dubbo.rpc.Exporter export(com.alibaba.dubbo.rpc.Invoker arg0) throws com.alibaba.dubbo.rpc.Invoker {
if (arg0 == null) throw new IllegalArgumentException("com.alibaba.dubbo.rpc.Invoker argument == null");
if (arg0.getUrl() == null) throw new IllegalArgumentException("com.alibaba.dubbo.rpc.Invoker argument getUrl() == null");com.alibaba.dubbo.common.URL url = arg0.getUrl();
String extName = ( url.getProtocol() == null ? "dubbo" : url.getProtocol() );
if(extName == null) throw new IllegalStateException("Fail to get extension(com.alibaba.dubbo.rpc.Protocol) name from url(" + url.toString() + ") use keys([protocol])");
com.alibaba.dubbo.rpc.Protocol extension = (com.alibaba.dubbo.rpc.Protocol)ExtensionLoader.getExtensionLoader(com.alibaba.dubbo.rpc.Protocol.class).getExtension(extName);
return extension.export(arg0);
}
public com.alibaba.dubbo.rpc.Invoker refer(java.lang.Class arg0, com.alibaba.dubbo.common.URL arg1) throws java.lang.Class {
if (arg1 == null) throw new IllegalArgumentException("url == null");
com.alibaba.dubbo.common.URL url = arg1;
String extName = ( url.getProtocol() == null ? "dubbo" : url.getProtocol() );
if(extName == null) throw new IllegalStateException("Fail to get extension(com.alibaba.dubbo.rpc.Protocol) name from url(" + url.toString() + ") use keys([protocol])");
com.alibaba.dubbo.rpc.Protocol extension = (com.alibaba.dubbo.rpc.Protocol)ExtensionLoader.getExtensionLoader(com.alibaba.dubbo.rpc.Protocol.class).getExtension(extName);
return extension.refer(arg0, arg1);
}
}
, stack: java.lang.NoClassDefFoundError: javassist/ClassPool

java.lang.NoClassDefFoundError: javassist/ClassPool
	at com.alibaba.dubbo.common.compiler.support.JavassistCompiler.doCompile(JavassistCompiler.java:55)
	at com.alibaba.dubbo.common.compiler.support.AbstractCompiler.compile(AbstractCompiler.java:59)
	at com.alibaba.dubbo.common.compiler.support.AdaptiveCompiler.compile(AdaptiveCompiler.java:46)
	at com.alibaba.dubbo.common.extension.ExtensionLoader.createAdaptiveExtensionClass(ExtensionLoader.java:739)
	at com.alibaba.dubbo.common.extension.ExtensionLoader.getAdaptiveExtensionClass(ExtensionLoader.java:732)
	at com.alibaba.dubbo.common.extension.ExtensionLoader.createAdaptiveExtension(ExtensionLoader.java:721)
	at com.alibaba.dubbo.common.extension.ExtensionLoader.getAdaptiveExtension(ExtensionLoader.java:455)
	at com.alibaba.dubbo.config.ServiceConfig.<clinit>(ServiceConfig.java:60)
	at sun.reflect.NativeConstructorAccessorImpl.newInstance0(Native Method)
	at sun.reflect.NativeConstructorAccessorImpl.newInstance(NativeConstructorAccessorImpl.java:62)
	at sun.reflect.DelegatingConstructorAccessorImpl.newInstance(DelegatingConstructorAccessorImpl.java:45)
	at java.lang.reflect.Constructor.newInstance(Constructor.java:423)
	at org.springframework.beans.BeanUtils.instantiateClass(BeanUtils.java:172)
	at org.springframework.beans.factory.support.SimpleInstantiationStrategy.instantiate(SimpleInstantiationStrategy.java:87)
	at org.springframework.beans.factory.support.AbstractAutowireCapableBeanFactory.instantiateBean(AbstractAutowireCapableBeanFactory.java:1295)
	at org.springframework.beans.factory.support.AbstractAutowireCapableBeanFactory.createBeanInstance(AbstractAutowireCapableBeanFactory.java:1197)
	at org.springframework.beans.factory.support.AbstractAutowireCapableBeanFactory.doCreateBean(AbstractAutowireCapableBeanFactory.java:555)
	at org.springframework.beans.factory.support.AbstractAutowireCapableBeanFactory.createBean(AbstractAutowireCapableBeanFactory.java:515)
	at org.springframework.beans.factory.support.AbstractBeanFactory.lambda$doGetBean$0(AbstractBeanFactory.java:320)
	at org.springframework.beans.factory.support.DefaultSingletonBeanRegistry.getSingleton(DefaultSingletonBeanRegistry.java:222)
	at org.springframework.beans.factory.support.AbstractBeanFactory.doGetBean(AbstractBeanFactory.java:318)
	at org.springframework.beans.factory.support.AbstractBeanFactory.getBean(AbstractBeanFactory.java:199)
	at org.springframework.beans.factory.support.DefaultListableBeanFactory.preInstantiateSingletons(DefaultListableBeanFactory.java:849)
	at org.springframework.context.support.AbstractApplicationContext.finishBeanFactoryInitialization(AbstractApplicationContext.java:877)
	at org.springframework.context.support.AbstractApplicationContext.refresh(AbstractApplicationContext.java:549)
	at org.springframework.boot.web.servlet.context.ServletWebServerApplicationContext.refresh(ServletWebServerApplicationContext.java:142)
	at org.springframework.boot.SpringApplication.refresh(SpringApplication.java:775)
	at org.springframework.boot.SpringApplication.refreshContext(SpringApplication.java:397)
	at org.springframework.boot.SpringApplication.run(SpringApplication.java:316)
	at org.springframework.boot.SpringApplication.run(SpringApplication.java:1260)
	at org.springframework.boot.SpringApplication.run(SpringApplication.java:1248)
	at com.xtt.shoprpcprovider.ShopRpcProviderApplication.main(ShopRpcProviderApplication.java:27)
Caused by: java.lang.ClassNotFoundException: javassist.ClassPool
	at java.net.URLClassLoader.findClass(URLClassLoader.java:381)
	at java.lang.ClassLoader.loadClass(ClassLoader.java:424)
	at sun.misc.Launcher$AppClassLoader.loadClass(Launcher.java:335)
	at java.lang.ClassLoader.loadClass(ClassLoader.java:357)
	... 32 more

	at com.alibaba.dubbo.common.compiler.support.AbstractCompiler.compile(AbstractCompiler.java:63)
	at com.alibaba.dubbo.common.compiler.support.AdaptiveCompiler.compile(AdaptiveCompiler.java:46)
	at com.alibaba.dubbo.common.extension.ExtensionLoader.createAdaptiveExtensionClass(ExtensionLoader.java:739)
	at com.alibaba.dubbo.common.extension.ExtensionLoader.getAdaptiveExtensionClass(ExtensionLoader.java:732)
	at com.alibaba.dubbo.common.extension.ExtensionLoader.createAdaptiveExtension(ExtensionLoader.java:721)
	... 26 common frames omitted
