2019-04-25 00:55:18 -Failed to start component [Connector[HTTP/1.1-8086]]
org.apache.catalina.LifecycleException: Protocol handler start failed
	at org.apache.catalina.connector.Connector.startInternal(Connector.java:1008)
	at org.apache.catalina.util.LifecycleBase.start(LifecycleBase.java:183)
	at org.apache.catalina.core.StandardService.addConnector(StandardService.java:226)
	at org.springframework.boot.web.embedded.tomcat.TomcatWebServer.addPreviouslyRemovedConnectors(TomcatWebServer.java:259)
	at org.springframework.boot.web.embedded.tomcat.TomcatWebServer.start(TomcatWebServer.java:197)
	at org.springframework.boot.web.servlet.context.ServletWebServerApplicationContext.startWebServer(ServletWebServerApplicationContext.java:311)
	at org.springframework.boot.web.servlet.context.ServletWebServerApplicationContext.finishRefresh(ServletWebServerApplicationContext.java:164)
	at org.springframework.context.support.AbstractApplicationContext.refresh(AbstractApplicationContext.java:552)
	at org.springframework.boot.web.servlet.context.ServletWebServerApplicationContext.refresh(ServletWebServerApplicationContext.java:142)
	at org.springframework.boot.SpringApplication.refresh(SpringApplication.java:775)
	at org.springframework.boot.SpringApplication.refreshContext(SpringApplication.java:397)
	at org.springframework.boot.SpringApplication.run(SpringApplication.java:316)
	at org.springframework.boot.SpringApplication.run(SpringApplication.java:1260)
	at org.springframework.boot.SpringApplication.run(SpringApplication.java:1248)
	at com.xtt.shoprpcprovider.ShopRpcProviderApplication.main(ShopRpcProviderApplication.java:27)
Caused by: java.io.IOException: Unable to establish loopback connection
	at sun.nio.ch.PipeImpl$Initializer.run(PipeImpl.java:94)
	at sun.nio.ch.PipeImpl$Initializer.run(PipeImpl.java:61)
	at java.security.AccessController.doPrivileged(Native Method)
	at sun.nio.ch.PipeImpl.<init>(PipeImpl.java:171)
	at sun.nio.ch.SelectorProviderImpl.openPipe(SelectorProviderImpl.java:50)
	at java.nio.channels.Pipe.open(Pipe.java:155)
	at sun.nio.ch.WindowsSelectorImpl.<init>(WindowsSelectorImpl.java:127)
	at sun.nio.ch.WindowsSelectorProvider.openSelector(WindowsSelectorProvider.java:44)
	at java.nio.channels.Selector.open(Selector.java:227)
	at org.apache.tomcat.util.net.NioEndpoint$Poller.<init>(NioEndpoint.java:576)
	at org.apache.tomcat.util.net.NioEndpoint.startInternal(NioEndpoint.java:278)
	at org.apache.tomcat.util.net.AbstractEndpoint.start(AbstractEndpoint.java:1192)
	at org.apache.coyote.AbstractProtocol.start(AbstractProtocol.java:568)
	at org.apache.catalina.connector.Connector.startInternal(Connector.java:1005)
	... 14 common frames omitted
Caused by: java.net.ConnectException: Connection timed out: connect
	at sun.nio.ch.Net.connect0(Native Method)
	at sun.nio.ch.Net.connect(Net.java:454)
	at sun.nio.ch.Net.connect(Net.java:446)
	at sun.nio.ch.SocketChannelImpl.connect(SocketChannelImpl.java:648)
	at java.nio.channels.SocketChannel.open(SocketChannel.java:189)
	at sun.nio.ch.PipeImpl$Initializer$LoopbackConnector.run(PipeImpl.java:127)
	at sun.nio.ch.PipeImpl$Initializer.run(PipeImpl.java:76)
	... 27 common frames omitted
2019-04-25 00:55:18 -Protocol handler pause failed
java.lang.NullPointerException: null
	at org.apache.tomcat.util.net.AbstractEndpoint.unlockAccept(AbstractEndpoint.java:914)
	at org.apache.tomcat.util.net.AbstractEndpoint.pause(AbstractEndpoint.java:1221)
	at org.apache.coyote.AbstractProtocol.pause(AbstractProtocol.java:618)
	at org.apache.catalina.connector.Connector.pause(Connector.java:916)
	at org.apache.catalina.core.StandardService.stopInternal(StandardService.java:461)
	at org.apache.catalina.util.LifecycleBase.stop(LifecycleBase.java:257)
	at org.apache.catalina.core.StandardServer.stopInternal(StandardServer.java:990)
	at org.apache.catalina.util.LifecycleBase.stop(LifecycleBase.java:257)
	at org.apache.catalina.startup.Tomcat.stop(Tomcat.java:465)
	at org.springframework.boot.web.embedded.tomcat.TomcatWebServer.stopTomcat(TomcatWebServer.java:250)
	at org.springframework.boot.web.embedded.tomcat.TomcatWebServer.stopSilently(TomcatWebServer.java:238)
	at org.springframework.boot.web.embedded.tomcat.TomcatWebServer.start(TomcatWebServer.java:208)
	at org.springframework.boot.web.servlet.context.ServletWebServerApplicationContext.startWebServer(ServletWebServerApplicationContext.java:311)
	at org.springframework.boot.web.servlet.context.ServletWebServerApplicationContext.finishRefresh(ServletWebServerApplicationContext.java:164)
	at org.springframework.context.support.AbstractApplicationContext.refresh(AbstractApplicationContext.java:552)
	at org.springframework.boot.web.servlet.context.ServletWebServerApplicationContext.refresh(ServletWebServerApplicationContext.java:142)
	at org.springframework.boot.SpringApplication.refresh(SpringApplication.java:775)
	at org.springframework.boot.SpringApplication.refreshContext(SpringApplication.java:397)
	at org.springframework.boot.SpringApplication.run(SpringApplication.java:316)
	at org.springframework.boot.SpringApplication.run(SpringApplication.java:1260)
	at org.springframework.boot.SpringApplication.run(SpringApplication.java:1248)
	at com.xtt.shoprpcprovider.ShopRpcProviderApplication.main(ShopRpcProviderApplication.java:27)
2019-04-25 00:55:19 -

***************************
APPLICATION FAILED TO START
***************************

Description:

The Tomcat connector configured to listen on port 8086 failed to start. The port may already be in use or the connector may be misconfigured.

Action:

Verify the connector's configuration, identify and stop any process that's listening on port 8086, or configure this application to listen on another port.

